<?xml version="1.0" encoding="UTF-8"?>
<!-- Generated by org.testng.reporters.JUnitReportReporter -->
<testsuite skipped="0" hostname="muji-pc" name="com.lemon.cases.RegisterCase" tests="6" failures="0" timestamp="14 四月 2020 14:14:05 GMT" time="3.363" errors="0">
  <testcase name="test" time="1.331" classname="com.lemon.cases.RegisterCase"/>
  <testcase name="test" time="1.595" classname="com.lemon.cases.RegisterCase"/>
  <testcase name="test" time="0.101" classname="com.lemon.cases.RegisterCase"/>
  <testcase name="test" time="0.110" classname="com.lemon.cases.RegisterCase"/>
  <testcase name="test" time="0.111" classname="com.lemon.cases.RegisterCase"/>
  <testcase name="test" time="0.115" classname="com.lemon.cases.RegisterCase"/>
</testsuite> <!-- com.lemon.cases.RegisterCase -->
