<?xml version="1.0" encoding="UTF-8"?>
<!-- Generated by org.testng.reporters.JUnitReportReporter -->
<testsuite skipped="0" hostname="muji-pc" name="com.lemon.cases.LoginCase" tests="5" failures="0" timestamp="14 四月 2020 14:14:05 GMT" time="1.190" errors="0">
  <testcase name="test" time="0.280" classname="com.lemon.cases.LoginCase"/>
  <testcase name="test" time="0.267" classname="com.lemon.cases.LoginCase"/>
  <testcase name="test" time="0.271" classname="com.lemon.cases.LoginCase"/>
  <testcase name="test" time="0.277" classname="com.lemon.cases.LoginCase"/>
  <testcase name="test" time="0.095" classname="com.lemon.cases.LoginCase"/>
</testsuite> <!-- com.lemon.cases.LoginCase -->
