<?xml version="1.0" encoding="UTF-8"?>
<!-- Generated by org.testng.reporters.JUnitReportReporter -->
<testsuite skipped="0" hostname="muji-pc" name="com.lemon.cases.RechargeCase" tests="5" failures="0" timestamp="14 四月 2020 14:14:05 GMT" time="1.044" errors="0">
  <testcase name="test" time="0.128" classname="com.lemon.cases.RechargeCase"/>
  <testcase name="test" time="0.604" classname="com.lemon.cases.RechargeCase"/>
  <testcase name="test" time="0.112" classname="com.lemon.cases.RechargeCase"/>
  <testcase name="test" time="0.114" classname="com.lemon.cases.RechargeCase"/>
  <testcase name="test" time="0.086" classname="com.lemon.cases.RechargeCase"/>
</testsuite> <!-- com.lemon.cases.RechargeCase -->
